生成启动时间为 2020/12/20 15:37:44。
     1>项目“F:\VS_Proj\Sticky_note\Sticky_note\Sticky_note.vcxproj”在节点 2 上(build 个目标)。
     1>InitializeBuildStatus:
         正在创建“Debug\Sticky_note.unsuccessfulbuild”，因为已指定“AlwaysCreate”。
       ClCompile:
         所有输出均为最新。
         C:\Program Files (x86)\Microsoft Visual Studio 10.0\VC\bin\CL.exe /c /ZI /nologo /W3 /WX- /Od /Oy- /D WIN32 /D _WINDOWS /D _DEBUG /D _UNICODE /D UNICODE /D _AFXDLL /Gm /EHsc /RTC1 /MDd /GS /fp:precise /Zc:wchar_t /Zc:forScope /Yu"StdAfx.h" /Fp"Debug\Sticky_note.pch" /Fo"Debug\\" /Fd"Debug\vc100.pdb" /Gd /TP /analyze- /errorReport:prompt NoteDateSet.cpp NoteDlg.cpp SetTitleDlg.cpp Sticky_noteDlg.cpp
         SetTitleDlg.cpp
         NoteDlg.cpp
         NoteDateSet.cpp
     1>f:\vs_proj\sticky_note\sticky_note\notedateset.cpp(59): warning C4996: 'swscanf': This function or variable may be unsafe. Consider using swscanf_s instead. To disable deprecation, use _CRT_SECURE_NO_WARNINGS. See online help for details.
                 c:\program files (x86)\microsoft visual studio 10.0\vc\include\wchar.h(797) : 参见“swscanf”的声明
         正在生成代码...
         正在跳过...(未检测到相关更改)
         Sticky_noteDlg.cpp
       ResourceCompile:
         所有输出均为最新。
       ManifestResourceCompile:
         所有输出均为最新。
       Link:
         C:\Program Files (x86)\Microsoft Visual Studio 10.0\VC\bin\link.exe /ERRORREPORT:PROMPT /OUT:"F:\VS_Proj\Sticky_note\Debug\Sticky_note.exe" /INCREMENTAL /NOLOGO /MANIFEST /ManifestFile:"Debug\Sticky_note.exe.intermediate.manifest" /MANIFESTUAC:"level='asInvoker' uiAccess='false'" /DEBUG /PDB:"F:\VS_Proj\Sticky_note\Debug\Sticky_note.pdb" /SUBSYSTEM:WINDOWS /TLBID:1 /ENTRY:"wWinMainCRTStartup" /DYNAMICBASE /NXCOMPAT /IMPLIB:"F:\VS_Proj\Sticky_note\Debug\Sticky_note.lib" /MACHINE:X86 Debug\Sticky_note.res
         Debug\Sticky_note.exe.embed.manifest.res
         Debug\NoteDateSet.obj
         Debug\NoteDlg.obj
         Debug\SetTitleDlg.obj
         Debug\stdafx.obj
         Debug\Sticky_note.obj
         Debug\Sticky_noteDlg.obj
       Manifest:
         C:\Program Files (x86)\Microsoft SDKs\Windows\v7.0A\bin\mt.exe /nologo /verbose /out:"Debug\Sticky_note.exe.embed.manifest" /manifest Debug\Sticky_note.exe.intermediate.manifest "C:\Program Files (x86)\Microsoft Visual Studio 10.0\VC\Include\Manifest\dpiaware.manifest"
         所有输出均为最新。
       LinkEmbedManifest:
         所有输出均为最新。
         Sticky_note.vcxproj -> F:\VS_Proj\Sticky_note\Debug\Sticky_note.exe
       FinalizeBuildStatus:
         正在删除文件“Debug\Sticky_note.unsuccessfulbuild”。
         正在对“Debug\Sticky_note.lastbuildstate”执行 Touch 任务。
     1>已完成生成项目“F:\VS_Proj\Sticky_note\Sticky_note\Sticky_note.vcxproj”(build 个目标)的操作。

生成成功。

已用时间 00:00:01.26
